{"uuid":"890ebc3d-e572-4b86-8526-f4056afadb76","historyId":"a36b4b97fad2c6c0655c3b76f53c7a82","fullName":"src/test/resources/Courseera.feature:16","labels":[{"name":"host","value":"LTIN678023"},{"name":"thread","value":"25436@LTIN678023.main(1)"},{"name":"feature","value":"Identify Courses and Language Details"},{"name":"story","value":"Validate Enterprise Form Error"},{"name":"suite","value":"Identify Courses and Language Details"},{"name":"testClass","value":"Validate Enterprise Form Error"},{"name":"framework","value":"cucumber4jvm"},{"name":"language","value":"java"},{"name":"gherkin_uri","value":"file:///C:/Users/2458013/IdeaProjects/IdentifyCoursesBDD/src/test/resources/Courseera.feature"},{"name":"package","value":"src.test.resources.Courseera_feature.Identify Courses and Language Details"}],"links":[],"name":"Validate Enterprise Form Error","status":"broken","statusDetails":{"known":false,"muted":false,"flaky":false,"message":"Cannot invoke \"org.openqa.selenium.WebDriver.getClass()\" because \"exceptionDriver\" is null","trace":"java.lang.NullPointerException: Cannot invoke \"org.openqa.selenium.WebDriver.getClass()\" because \"exceptionDriver\" is null\r\n\tat org.openqa.selenium.support.ui.WebDriverWait.timeoutException(WebDriverWait.java:85)\r\n\tat org.openqa.selenium.support.ui.FluentWait.until(FluentWait.java:228)\r\n\tat pageobjects.EnterprisePage.getMessage(EnterprisePage.java:115)\r\n\tat steps.StepDefinition.i_capture_and_display_the_validation_error_message(StepDefinition.java:99)\r\n\tat ✽.I capture and display the validation error message(file:///C:/Users/2458013/IdeaProjects/IdentifyCoursesBDD/src/test/resources/Courseera.feature:20)\r\n"},"stage":"finished","steps":[{"name":"Given  I am on the Coursera homepage","status":"passed","statusDetails":{"known":false,"muted":false,"flaky":false},"stage":"finished","steps":[],"attachments":[],"parameters":[],"start":1770096208813,"stop":1770096215790},{"name":"When  I navigate to \"For Enterprise\"","status":"passed","statusDetails":{"known":false,"muted":false,"flaky":false},"stage":"finished","steps":[],"attachments":[],"parameters":[],"start":1770096215792,"stop":1770096237993},{"name":"And  I fill the Ready to transform form with invalid email \"XYS@example.com\"","status":"passed","statusDetails":{"known":false,"muted":false,"flaky":false},"stage":"finished","steps":[],"attachments":[],"parameters":[],"start":1770096237993,"stop":1770096242331},{"name":"Then  I capture and display the validation error message","status":"broken","statusDetails":{"known":false,"muted":false,"flaky":false,"message":"Cannot invoke \"org.openqa.selenium.WebDriver.getClass()\" because \"exceptionDriver\" is null","trace":"java.lang.NullPointerException: Cannot invoke \"org.openqa.selenium.WebDriver.getClass()\" because \"exceptionDriver\" is null\r\n\tat org.openqa.selenium.support.ui.WebDriverWait.timeoutException(WebDriverWait.java:85)\r\n\tat org.openqa.selenium.support.ui.FluentWait.until(FluentWait.java:228)\r\n\tat pageobjects.EnterprisePage.getMessage(EnterprisePage.java:115)\r\n\tat steps.StepDefinition.i_capture_and_display_the_validation_error_message(StepDefinition.java:99)\r\n\tat ✽.I capture and display the validation error message(file:///C:/Users/2458013/IdeaProjects/IdentifyCoursesBDD/src/test/resources/Courseera.feature:20)\r\n"},"stage":"finished","steps":[],"attachments":[],"parameters":[],"start":1770096242331,"stop":1770096252883},{"name":"And  I quit from browser","status":"skipped","statusDetails":{"known":false,"muted":false,"flaky":false},"stage":"finished","steps":[],"attachments":[],"parameters":[],"start":1770096252883,"stop":1770096252883}],"attachments":[],"parameters":[],"start":1770096208813,"stop":1770096252883}